  logs.c
C:\Users\jeraffolter\Desktop\Prog\Projet_Calculatice_23\Projet_Calculatice_23\logs.c(50,20): warning C4477:  'sscanf' : la chaîne de format '%d' nécessite un argument de type 'int *', mais l'argument variadique 1 est de type 'uint16_t *'
C:\Users\jeraffolter\Desktop\Prog\Projet_Calculatice_23\Projet_Calculatice_23\logs.c(50,20): message :  utilisez '%hd' dans la chaîne de format
C:\Users\jeraffolter\Desktop\Prog\Projet_Calculatice_23\Projet_Calculatice_23\logs.c(51,20): warning C4477:  'sscanf' : la chaîne de format '%d' nécessite un argument de type 'int *', mais l'argument variadique 1 est de type 'uint16_t *'
C:\Users\jeraffolter\Desktop\Prog\Projet_Calculatice_23\Projet_Calculatice_23\logs.c(51,20): message :  utilisez '%hd' dans la chaîne de format
C:\Users\jeraffolter\Desktop\Prog\Projet_Calculatice_23\Projet_Calculatice_23\logs.c(44,1): warning C4996:  'fopen': This function or variable may be unsafe. Consider using fopen_s instead. To disable deprecation, use _CRT_SECURE_NO_WARNINGS. See online help for details.
C:\Program Files (x86)\Windows Kits\10\Include\10.0.17763.0\ucrt\stdio.h(208): message :  voir la déclaration de 'fopen'
C:\Users\jeraffolter\Desktop\Prog\Projet_Calculatice_23\Projet_Calculatice_23\logs.c(50,1): warning C4996:  'sscanf': This function or variable may be unsafe. Consider using sscanf_s instead. To disable deprecation, use _CRT_SECURE_NO_WARNINGS. See online help for details.
C:\Program Files (x86)\Windows Kits\10\Include\10.0.17763.0\ucrt\stdio.h(2263): message :  voir la déclaration de 'sscanf'
C:\Users\jeraffolter\Desktop\Prog\Projet_Calculatice_23\Projet_Calculatice_23\logs.c(51,1): warning C4996:  'sscanf': This function or variable may be unsafe. Consider using sscanf_s instead. To disable deprecation, use _CRT_SECURE_NO_WARNINGS. See online help for details.
C:\Program Files (x86)\Windows Kits\10\Include\10.0.17763.0\ucrt\stdio.h(2263): message :  voir la déclaration de 'sscanf'
C:\Users\jeraffolter\Desktop\Prog\Projet_Calculatice_23\Projet_Calculatice_23\logs.c(98,25): warning C4047:  'fonction' : les niveaux d'indirection de 'const char *const ' et de 'int' sont différents
C:\Users\jeraffolter\Desktop\Prog\Projet_Calculatice_23\Projet_Calculatice_23\logs.c(98,25): warning C4024:  'fprintf' : types différents pour le paramètre formel et réel 2
C:\Users\jeraffolter\Desktop\Prog\Projet_Calculatice_23\Projet_Calculatice_23\logs.c(71,1): warning C4996:  'localtime': This function or variable may be unsafe. Consider using localtime_s instead. To disable deprecation, use _CRT_SECURE_NO_WARNINGS. See online help for details.
C:\Program Files (x86)\Windows Kits\10\Include\10.0.17763.0\ucrt\time.h(506): message :  voir la déclaration de 'localtime'
C:\Users\jeraffolter\Desktop\Prog\Projet_Calculatice_23\Projet_Calculatice_23\logs.c(75,1): warning C4996:  'fopen': This function or variable may be unsafe. Consider using fopen_s instead. To disable deprecation, use _CRT_SECURE_NO_WARNINGS. See online help for details.
  main.c
  Génération de code en cours...
C:\Program Files (x86)\Windows Kits\10\Include\10.0.17763.0\ucrt\stdio.h(208): message :  voir la déclaration de 'fopen'
  Projet_Calculatice_23.vcxproj -> C:\Users\jeraffolter\Desktop\Prog\Projet_Calculatice_23\Debug\Projet_Calculatice_23.exe
